<?xml version="1.0" encoding="UTF-8"?>
<testsuite xmlns:xsi="http://www.w3.org/2001/XMLSchema-instance" xsi:noNamespaceSchemaLocation="https://maven.apache.org/surefire/maven-surefire-plugin/xsd/surefire-test-report.xsd" name="programmer.zaman.now.ConditionTest" time="0.084" tests="10" errors="0" skipped="5" failures="0">
  <properties>
[...]
</properties>
  <testcase name="testEnabledForRangeJRE16" classname="programmer.zaman.now.ConditionTest" time="0.044"/>
  <testcase name="testDisabledIfProfileDev" classname="programmer.zaman.now.ConditionTest" time="0"/>
  <testcase name="testEnabledOnWindows" classname="programmer.zaman.now.ConditionTest" time="0"/>
  <testcase name="testDisabledOnJRE16" classname="programmer.zaman.now.ConditionTest" time="0">
    <skipped message="Disabled on JRE version: 16.0.1"/>
  </testcase>
  <testcase name="testEnabledIfProfileDev" classname="programmer.zaman.now.ConditionTest" time="0">
    <skipped message="Environment variable [PROFILE] does not exist"/>
  </testcase>
  <testcase name="testEnabledOracleCorporation" classname="programmer.zaman.now.ConditionTest" time="0"/>
  <testcase name="testDisabledOnWindows" classname="programmer.zaman.now.ConditionTest" time="0">
    <skipped message="Disabled on operating system: Windows 10"/>
  </testcase>
  <testcase name="testEnabledOnJRE16" classname="programmer.zaman.now.ConditionTest" time="0.002"/>
  <testcase name="testDisabledForRangeJRE16" classname="programmer.zaman.now.ConditionTest" time="0">
    <skipped message="Disabled on JRE version: 16.0.1"/>
  </testcase>
  <testcase name="testDisableOracleCorporation" classname="programmer.zaman.now.ConditionTest" time="0">
    <skipped message="System property [java.vendor] with value [Oracle Corporation] matches regular expression [Oracle Corporation]"/>
  </testcase>
</testsuite>